<?xml version="1.0" encoding="UTF-8"?>
<testsuite name="com.progra.chessalgos.chessboard.FENParserTest" tests="5" skipped="0" failures="0" errors="0" timestamp="2024-09-20T15:09:07" hostname="lina-HP-255" time="0.047">
  <properties/>
  <testcase name="Parses the StartingPosition correctly" classname="com.progra.chessalgos.chessboard.FENParserTest" time="0.033"/>
  <testcase name="Parses my tournament position correctly" classname="com.progra.chessalgos.chessboard.FENParserTest" time="0.001"/>
  <testcase name="makes black to move" classname="com.progra.chessalgos.chessboard.FENParserTest" time="0.003"/>
  <testcase name="scan position with ep correctly" classname="com.progra.chessalgos.chessboard.FENParserTest" time="0.001"/>
  <testcase name="castling Rights" classname="com.progra.chessalgos.chessboard.FENParserTest" time="0.002"/>
  <system-out><![CDATA[]]></system-out>
  <system-err><![CDATA[]]></system-err>
</testsuite>
